<?xml version="1.0" encoding="UTF-8"?>
<!-- Generated by org.testng.reporters.JUnitXMLReporter -->
<testsuite ignored="0" hostname="LAPTOP-0NUUCPCM" failures="0" tests="10" name="Default test" time="9.929" errors="0" timestamp="2025-03-23T18:27:57 IST">
  <testcase classname="testCases.ProductTest" name="testGetAllProducts" time="2.629"/>
  <testcase classname="testCases.ProductTest" name="testGetProductById" time="0.667"/>
  <testcase classname="testCases.ProductTest" name="testGetLimitedProduct" time="0.717"/>
  <testcase classname="testCases.ProductTest" name="testGetSortedProductsDesc" time="0.622"/>
  <testcase classname="testCases.ProductTest" name="testGetSortedProductAsc" time="0.784"/>
  <testcase classname="testCases.ProductTest" name="testGetAllCategories" time="0.624"/>
  <testcase classname="testCases.ProductTest" name="testAddProduct" time="1.027"/>
  <testcase classname="testCases.ProductTest" name="testGetProductByCategories" time="0.862"/>
  <testcase classname="testCases.ProductTest" name="testUpdateProduct" time="0.653"/>
  <testcase classname="testCases.ProductTest" name="testDeleteProduct" time="0.799"/>
</testsuite> <!-- Default test -->
