<?xml version="1.0" encoding="UTF-8"?>
<!-- Generated by org.testng.reporters.JUnitXMLReporter -->
<testsuite ignored="0" hostname="LAPTOP-0NUUCPCM" failures="0" tests="10" name="API Test" time="9.186" errors="0" timestamp="2025-03-24T00:23:48 IST">
  <testcase classname="testCases.ProductTest" name="testGetAllProducts" time="2.525"/>
  <testcase classname="testCases.ProductTest" name="testGetProductById" time="0.64"/>
  <testcase classname="testCases.ProductTest" name="testGetLimitedProduct" time="0.653"/>
  <testcase classname="testCases.ProductTest" name="testGetSortedProductsDesc" time="0.654"/>
  <testcase classname="testCases.ProductTest" name="testGetSortedProductAsc" time="0.751"/>
  <testcase classname="testCases.ProductTest" name="testGetAllCategories" time="0.548"/>
  <testcase classname="testCases.ProductTest" name="testAddProduct" time="0.905"/>
  <testcase classname="testCases.ProductTest" name="testGetProductByCategories" time="0.711"/>
  <testcase classname="testCases.ProductTest" name="testUpdateProduct" time="0.544"/>
  <testcase classname="testCases.ProductTest" name="testDeleteProduct" time="0.706"/>
</testsuite> <!-- API Test -->
