<?xml version="1.0" encoding="UTF-8"?>
<!-- Generated by org.testng.reporters.JUnitXMLReporter -->
<testsuite ignored="0" hostname="LAPTOP-0NUUCPCM" failures="0" tests="10" name="API Test" time="10.894" errors="0" timestamp="2025-03-24T01:44:57 IST">
  <testcase classname="testCases.ProductTest" name="testGetAllProducts" time="3.203"/>
  <testcase classname="testCases.ProductTest" name="testGetProductById" time="0.592"/>
  <testcase classname="testCases.ProductTest" name="testGetLimitedProduct" time="0.644"/>
  <testcase classname="testCases.ProductTest" name="testGetSortedProductsDesc" time="0.601"/>
  <testcase classname="testCases.ProductTest" name="testGetSortedProductAsc" time="0.539"/>
  <testcase classname="testCases.ProductTest" name="testGetAllCategories" time="1.041"/>
  <testcase classname="testCases.ProductTest" name="testAddProduct" time="1.621"/>
  <testcase classname="testCases.ProductTest" name="testGetProductByCategories" time="0.734"/>
  <testcase classname="testCases.ProductTest" name="testUpdateProduct" time="0.555"/>
  <testcase classname="testCases.ProductTest" name="testDeleteProduct" time="0.544"/>
</testsuite> <!-- API Test -->
