<?xml version="1.0" encoding="UTF-8"?>
<testng-results ignored="0" total="10" passed="10" failed="0" skipped="0">
  <reporter-output>
  </reporter-output>
  <suite started-at="2025-03-24T01:44:45 IST" name="API TestSuite" finished-at="2025-03-24T01:44:56 IST" duration-ms="10894">
    <groups>
    </groups>
    <test started-at="2025-03-24T01:44:45 IST" name="API Test" finished-at="2025-03-24T01:44:56 IST" duration-ms="10894">
      <class name="testCases.ProductTest">
        <test-method is-config="true" signature="setup()[pri:0, instance:testCases.ProductTest@7526515b]" started-at="2025-03-24T01:44:46 IST" name="setup" finished-at="2025-03-24T01:44:46 IST" duration-ms="376" status="PASS">
          <reporter-output>
          </reporter-output>
        </test-method> <!-- setup -->
        <test-method signature="testGetAllProducts()[pri:1, instance:testCases.ProductTest@7526515b]" started-at="2025-03-24T01:44:46 IST" name="testGetAllProducts" finished-at="2025-03-24T01:44:49 IST" duration-ms="3203" status="PASS">
          <reporter-output>
          </reporter-output>
        </test-method> <!-- testGetAllProducts -->
        <test-method signature="testGetProductById()[pri:0, instance:testCases.ProductTest@7526515b]" started-at="2025-03-24T01:44:49 IST" name="testGetProductById" finished-at="2025-03-24T01:44:50 IST" depends-on-methods="testCases.ProductTest.testGetAllProducts" duration-ms="592" status="PASS">
          <reporter-output>
          </reporter-output>
        </test-method> <!-- testGetProductById -->
        <test-method signature="testGetLimitedProduct()[pri:0, instance:testCases.ProductTest@7526515b]" started-at="2025-03-24T01:44:50 IST" name="testGetLimitedProduct" finished-at="2025-03-24T01:44:51 IST" depends-on-methods="testCases.ProductTest.testGetProductById" duration-ms="644" status="PASS">
          <reporter-output>
          </reporter-output>
        </test-method> <!-- testGetLimitedProduct -->
        <test-method signature="testGetSortedProductsDesc()[pri:0, instance:testCases.ProductTest@7526515b]" started-at="2025-03-24T01:44:51 IST" name="testGetSortedProductsDesc" finished-at="2025-03-24T01:44:51 IST" depends-on-methods="testCases.ProductTest.testGetLimitedProduct" duration-ms="601" status="PASS">
          <reporter-output>
          </reporter-output>
        </test-method> <!-- testGetSortedProductsDesc -->
        <test-method signature="testGetSortedProductAsc()[pri:0, instance:testCases.ProductTest@7526515b]" started-at="2025-03-24T01:44:51 IST" name="testGetSortedProductAsc" finished-at="2025-03-24T01:44:52 IST" depends-on-methods="testCases.ProductTest.testGetSortedProductsDesc" duration-ms="539" status="PASS">
          <reporter-output>
          </reporter-output>
        </test-method> <!-- testGetSortedProductAsc -->
        <test-method signature="testGetAllCategories()[pri:0, instance:testCases.ProductTest@7526515b]" started-at="2025-03-24T01:44:52 IST" name="testGetAllCategories" finished-at="2025-03-24T01:44:53 IST" depends-on-methods="testCases.ProductTest.testGetSortedProductAsc" duration-ms="1041" status="PASS">
          <reporter-output>
          </reporter-output>
        </test-method> <!-- testGetAllCategories -->
        <test-method signature="testAddProduct()[pri:0, instance:testCases.ProductTest@7526515b]" started-at="2025-03-24T01:44:53 IST" name="testAddProduct" finished-at="2025-03-24T01:44:54 IST" depends-on-methods="testCases.ProductTest.testGetAllCategories" duration-ms="1621" status="PASS">
          <reporter-output>
          </reporter-output>
        </test-method> <!-- testAddProduct -->
        <test-method signature="testGetProductByCategories()[pri:0, instance:testCases.ProductTest@7526515b]" started-at="2025-03-24T01:44:54 IST" name="testGetProductByCategories" finished-at="2025-03-24T01:44:55 IST" depends-on-methods="testCases.ProductTest.testGetAllCategories" duration-ms="734" status="PASS">
          <reporter-output>
          </reporter-output>
        </test-method> <!-- testGetProductByCategories -->
        <test-method signature="testUpdateProduct()[pri:0, instance:testCases.ProductTest@7526515b]" started-at="2025-03-24T01:44:55 IST" name="testUpdateProduct" finished-at="2025-03-24T01:44:56 IST" depends-on-methods="testCases.ProductTest.testAddProduct" duration-ms="555" status="PASS">
          <reporter-output>
          </reporter-output>
        </test-method> <!-- testUpdateProduct -->
        <test-method signature="testDeleteProduct()[pri:0, instance:testCases.ProductTest@7526515b]" started-at="2025-03-24T01:44:56 IST" name="testDeleteProduct" finished-at="2025-03-24T01:44:56 IST" depends-on-methods="testCases.ProductTest.testUpdateProduct" duration-ms="544" status="PASS">
          <reporter-output>
          </reporter-output>
        </test-method> <!-- testDeleteProduct -->
      </class> <!-- testCases.ProductTest -->
    </test> <!-- API Test -->
  </suite> <!-- API TestSuite -->
</testng-results>
