<?xml version="1.0" encoding="UTF-8"?>
<testng-results ignored="0" total="10" passed="10" failed="0" skipped="0">
  <reporter-output>
  </reporter-output>
  <suite started-at="2025-03-24T00:23:39 IST" name="API TestSuite" finished-at="2025-03-24T00:23:48 IST" duration-ms="9186">
    <groups>
    </groups>
    <test started-at="2025-03-24T00:23:39 IST" name="API Test" finished-at="2025-03-24T00:23:48 IST" duration-ms="9186">
      <class name="testCases.ProductTest">
        <test-method is-config="true" signature="setup()[pri:0, instance:testCases.ProductTest@66982506]" started-at="2025-03-24T00:23:39 IST" name="setup" finished-at="2025-03-24T00:23:39 IST" duration-ms="243" status="PASS">
          <reporter-output>
          </reporter-output>
        </test-method> <!-- setup -->
        <test-method signature="testGetAllProducts()[pri:1, instance:testCases.ProductTest@66982506]" started-at="2025-03-24T00:23:39 IST" name="testGetAllProducts" finished-at="2025-03-24T00:23:42 IST" duration-ms="2525" status="PASS">
          <reporter-output>
          </reporter-output>
        </test-method> <!-- testGetAllProducts -->
        <test-method signature="testGetProductById()[pri:0, instance:testCases.ProductTest@66982506]" started-at="2025-03-24T00:23:42 IST" name="testGetProductById" finished-at="2025-03-24T00:23:43 IST" depends-on-methods="testCases.ProductTest.testGetAllProducts" duration-ms="640" status="PASS">
          <reporter-output>
          </reporter-output>
        </test-method> <!-- testGetProductById -->
        <test-method signature="testGetLimitedProduct()[pri:0, instance:testCases.ProductTest@66982506]" started-at="2025-03-24T00:23:43 IST" name="testGetLimitedProduct" finished-at="2025-03-24T00:23:43 IST" depends-on-methods="testCases.ProductTest.testGetProductById" duration-ms="653" status="PASS">
          <reporter-output>
          </reporter-output>
        </test-method> <!-- testGetLimitedProduct -->
        <test-method signature="testGetSortedProductsDesc()[pri:0, instance:testCases.ProductTest@66982506]" started-at="2025-03-24T00:23:43 IST" name="testGetSortedProductsDesc" finished-at="2025-03-24T00:23:44 IST" depends-on-methods="testCases.ProductTest.testGetLimitedProduct" duration-ms="654" status="PASS">
          <reporter-output>
          </reporter-output>
        </test-method> <!-- testGetSortedProductsDesc -->
        <test-method signature="testGetSortedProductAsc()[pri:0, instance:testCases.ProductTest@66982506]" started-at="2025-03-24T00:23:44 IST" name="testGetSortedProductAsc" finished-at="2025-03-24T00:23:45 IST" depends-on-methods="testCases.ProductTest.testGetSortedProductsDesc" duration-ms="751" status="PASS">
          <reporter-output>
          </reporter-output>
        </test-method> <!-- testGetSortedProductAsc -->
        <test-method signature="testGetAllCategories()[pri:0, instance:testCases.ProductTest@66982506]" started-at="2025-03-24T00:23:45 IST" name="testGetAllCategories" finished-at="2025-03-24T00:23:45 IST" depends-on-methods="testCases.ProductTest.testGetSortedProductAsc" duration-ms="548" status="PASS">
          <reporter-output>
          </reporter-output>
        </test-method> <!-- testGetAllCategories -->
        <test-method signature="testAddProduct()[pri:0, instance:testCases.ProductTest@66982506]" started-at="2025-03-24T00:23:45 IST" name="testAddProduct" finished-at="2025-03-24T00:23:46 IST" depends-on-methods="testCases.ProductTest.testGetAllCategories" duration-ms="905" status="PASS">
          <reporter-output>
          </reporter-output>
        </test-method> <!-- testAddProduct -->
        <test-method signature="testGetProductByCategories()[pri:0, instance:testCases.ProductTest@66982506]" started-at="2025-03-24T00:23:46 IST" name="testGetProductByCategories" finished-at="2025-03-24T00:23:47 IST" depends-on-methods="testCases.ProductTest.testGetAllCategories" duration-ms="711" status="PASS">
          <reporter-output>
          </reporter-output>
        </test-method> <!-- testGetProductByCategories -->
        <test-method signature="testUpdateProduct()[pri:0, instance:testCases.ProductTest@66982506]" started-at="2025-03-24T00:23:47 IST" name="testUpdateProduct" finished-at="2025-03-24T00:23:47 IST" depends-on-methods="testCases.ProductTest.testAddProduct" duration-ms="544" status="PASS">
          <reporter-output>
          </reporter-output>
        </test-method> <!-- testUpdateProduct -->
        <test-method signature="testDeleteProduct()[pri:0, instance:testCases.ProductTest@66982506]" started-at="2025-03-24T00:23:47 IST" name="testDeleteProduct" finished-at="2025-03-24T00:23:48 IST" depends-on-methods="testCases.ProductTest.testUpdateProduct" duration-ms="706" status="PASS">
          <reporter-output>
          </reporter-output>
        </test-method> <!-- testDeleteProduct -->
      </class> <!-- testCases.ProductTest -->
    </test> <!-- API Test -->
  </suite> <!-- API TestSuite -->
</testng-results>
